<?xml version="1.0" encoding="UTF-8"?>
<testsuite name="com.cg.hotelreservationsystem.HotelReservationTest" tests="3" skipped="0" failures="0" errors="0" timestamp="2020-11-18T18:01:20" hostname="LAPTOP-M4C7MB0K" time="0.016">
  <properties/>
  <testcase name="whenBridgewoodAdded_ShouldReturnTrue" classname="com.cg.hotelreservationsystem.HotelReservationTest" time="0.014"/>
  <testcase name="whenLakewoodAdded_ShouldReturnTrue" classname="com.cg.hotelreservationsystem.HotelReservationTest" time="0.0"/>
  <testcase name="whenRidgewoodAdded_ShouldReturnTrue" classname="com.cg.hotelreservationsystem.HotelReservationTest" time="0.0"/>
  <system-out><![CDATA[]]></system-out>
  <system-err><![CDATA[]]></system-err>
</testsuite>
