<?xml version="1.0" encoding="UTF-8"?>
<testsuite name="com.cg.hotelreservationsystem.HotelReservationTest" tests="1" skipped="0" failures="0" errors="0" timestamp="2020-11-18T17:11:07" hostname="LAPTOP-M4C7MB0K" time="0.009">
  <properties/>
  <testcase name="givenHotel_WhenAdded_ShoudlAddHotel" classname="com.cg.hotelreservationsystem.HotelReservationTest" time="0.009"/>
  <system-out><![CDATA[]]></system-out>
  <system-err><![CDATA[]]></system-err>
</testsuite>
