<?xml version="1.0" encoding="UTF-8"?>
<testsuite name="com.cg.hotelreservationsystem.HotelReservationTest" tests="1" skipped="0" failures="0" errors="0" timestamp="2020-11-18T19:30:18" hostname="LAPTOP-M4C7MB0K" time="0.03">
  <properties/>
  <testcase name="whenStayed1Day_CheapestHotelShouldCost_110" classname="com.cg.hotelreservationsystem.HotelReservationTest" time="0.03"/>
  <system-out><![CDATA[Weekend Rates Updated
Rating 3 stars added.
Weekend Rates Updated
Rating 4 stars added.
Weekend Rates Updated
Rating 5 stars added.
Incorrect format.
Incorrect format.
]]></system-out>
  <system-err><![CDATA[]]></system-err>
</testsuite>
